# JRE version: Java(TM) SE Runtime Environment (8.0_202-b08) (build 1.8.0_202-b08)
# Java VM: Java HotSpot(TM) 64-Bit Server VM (25.202-b08 mixed mode linux-amd64 )
Heap:
 PSYoungGen      total 9153536K, used 407853K [0x00007f0c39380000, 0x00007f0e9b780000, 0x00007f0ee3e00000)
  eden space 8382464K, 0% used [0x00007f0c39380000,0x00007f0c39380000,0x00007f0e38d80000)
  from space 771072K, 52% used [0x00007f0e38d80000,0x00007f0e51bcb4b0,0x00007f0e67e80000)
  to   space 792064K, 0% used [0x00007f0e67e80000,0x00007f0e67e80000,0x00007f0e98400000)
 ParOldGen       total 6219264K, used 4002758K [0x00007f06e3e00000, 0x00007f085f780000, 0x00007f0c39380000)
  object space 6219264K, 64% used [0x00007f06e3e00000,0x00007f07d82f1a18,0x00007f085f780000)
 Metaspace       used 59293K, capacity 60627K, committed 60672K, reserved 61440K
GC Heap History (10 events):
Event: 89,924 GC heap after
Heap after GC invocations=51 (full 11):
 PSYoungGen      total 6806016K, used 364862K [0x00007f0c39380000, 0x00007f0e40380000, 0x00007f0ee3e00000)
  eden space 6054912K, 0% used [0x00007f0c39380000,0x00007f0c39380000,0x00007f0daac80000)
  from space 751104K, 48% used [0x00007f0daac80000,0x00007f0dc10cf948,0x00007f0dd8a00000)
  to   space 717824K, 0% used [0x00007f0e14680000,0x00007f0e14680000,0x00007f0e40380000)
 ParOldGen       total 6279168K, used 4643061K [0x00007f06e3e00000, 0x00007f0863200000, 0x00007f0c39380000)
  object space 6279168K, 73% used [0x00007f06e3e00000,0x00007f07ff43d480,0x00007f0863200000)
 Metaspace       used 59292K, capacity 60627K, committed 60672K, reserved 61440K
}
Event: 92,470 GC heap before
{Heap before GC invocations=52 (full 11):
 PSYoungGen      total 6806016K, used 6419774K [0x00007f0c39380000, 0x00007f0e40380000, 0x00007f0ee3e00000)
  eden space 6054912K, 100% used [0x00007f0c39380000,0x00007f0daac80000,0x00007f0daac80000)
  from space 751104K, 48% used [0x00007f0daac80000,0x00007f0dc10cf948,0x00007f0dd8a00000)
  to   space 717824K, 0% used [0x00007f0e14680000,0x00007f0e14680000,0x00007f0e40380000)
 ParOldGen       total 6279168K, used 4643061K [0x00007f06e3e00000, 0x00007f0863200000, 0x00007f0c39380000)
  object space 6279168K, 73% used [0x00007f06e3e00000,0x00007f07ff43d480,0x00007f0863200000)
 Metaspace       used 59292K, capacity 60627K, committed 60672K, reserved 61440K
Event: 94,477 GC heap after
Heap after GC invocations=52 (full 11):
 PSYoungGen      total 7750656K, used 395352K [0x00007f0c39380000, 0x00007f0e3df80000, 0x00007f0ee3e00000)
  eden space 7069696K, 0% used [0x00007f0c39380000,0x00007f0c39380000,0x00007f0de8b80000)
  from space 680960K, 58% used [0x00007f0e14680000,0x00007f0e2c896160,0x00007f0e3df80000)
  to   space 698368K, 0% used [0x00007f0de8b80000,0x00007f0de8b80000,0x00007f0e13580000)
 ParOldGen       total 6279168K, used 4867261K [0x00007f06e3e00000, 0x00007f0863200000, 0x00007f0c39380000)
  object space 6279168K, 77% used [0x00007f06e3e00000,0x00007f080cf2f598,0x00007f0863200000)
 Metaspace       used 59292K, capacity 60627K, committed 60672K, reserved 61440K
}
Event: 98,244 GC heap before
{Heap before GC invocations=53 (full 11):
 PSYoungGen      total 7750656K, used 7465048K [0x00007f0c39380000, 0x00007f0e3df80000, 0x00007f0ee3e00000)
  eden space 7069696K, 100% used [0x00007f0c39380000,0x00007f0de8b80000,0x00007f0de8b80000)
  from space 680960K, 58% used [0x00007f0e14680000,0x00007f0e2c896160,0x00007f0e3df80000)
  to   space 698368K, 0% used [0x00007f0de8b80000,0x00007f0de8b80000,0x00007f0e13580000)
 ParOldGen       total 6279168K, used 4867261K [0x00007f06e3e00000, 0x00007f0863200000, 0x00007f0c39380000)
  object space 6279168K, 77% used [0x00007f06e3e00000,0x00007f080cf2f598,0x00007f0863200000)
 Metaspace       used 59292K, capacity 60627K, committed 60672K, reserved 61440K
Event: 101,646 GC heap after
Heap after GC invocations=53 (full 11):
 PSYoungGen      total 7768064K, used 697935K [0x00007f0c39380000, 0x00007f0e98400000, 0x00007f0ee3e00000)
  eden space 7069696K, 0% used [0x00007f0c39380000,0x00007f0c39380000,0x00007f0de8b80000)
  from space 698368K, 99% used [0x00007f0de8b80000,0x00007f0e13513d98,0x00007f0e13580000)
  to   space 792064K, 0% used [0x00007f0e67e80000,0x00007f0e67e80000,0x00007f0e98400000)
 ParOldGen       total 6279168K, used 5161213K [0x00007f06e3e00000, 0x00007f0863200000, 0x00007f0c39380000)
  object space 6279168K, 82% used [0x00007f06e3e00000,0x00007f081ee3f7f0,0x00007f0863200000)
 Metaspace       used 59292K, capacity 60627K, committed 60672K, reserved 61440K
}
Event: 102,543 GC heap before
{Heap before GC invocations=54 (full 11):
 PSYoungGen      total 7768064K, used 7767631K [0x00007f0c39380000, 0x00007f0e98400000, 0x00007f0ee3e00000)
  eden space 7069696K, 100% used [0x00007f0c39380000,0x00007f0de8b80000,0x00007f0de8b80000)
  from space 698368K, 99% used [0x00007f0de8b80000,0x00007f0e13513d98,0x00007f0e13580000)
  to   space 792064K, 0% used [0x00007f0e67e80000,0x00007f0e67e80000,0x00007f0e98400000)
 ParOldGen       total 6279168K, used 5161213K [0x00007f06e3e00000, 0x00007f0863200000, 0x00007f0c39380000)
  object space 6279168K, 82% used [0x00007f06e3e00000,0x00007f081ee3f7f0,0x00007f0863200000)
 Metaspace       used 59293K, capacity 60627K, committed 60672K, reserved 61440K
Event: 107,396 GC heap after
Heap after GC invocations=54 (full 11):
 PSYoungGen      total 9174528K, used 439913K [0x00007f0c39380000, 0x00007f0e9b780000, 0x00007f0ee3e00000)
  eden space 8382464K, 0% used [0x00007f0c39380000,0x00007f0c39380000,0x00007f0e38d80000)
  from space 792064K, 55% used [0x00007f0e67e80000,0x00007f0e82c1a5a8,0x00007f0e98400000)
  to   space 771072K, 0% used [0x00007f0e38d80000,0x00007f0e38d80000,0x00007f0e67e80000)
 ParOldGen       total 6279168K, used 5644641K [0x00007f06e3e00000, 0x00007f0863200000, 0x00007f0c39380000)
  object space 6279168K, 89% used [0x00007f06e3e00000,0x00007f083c658638,0x00007f0863200000)
 Metaspace       used 59293K, capacity 60627K, committed 60672K, reserved 61440K
}
Event: 107,398 GC heap before
{Heap before GC invocations=55 (full 12):
 PSYoungGen      total 9174528K, used 439913K [0x00007f0c39380000, 0x00007f0e9b780000, 0x00007f0ee3e00000)
  eden space 8382464K, 0% used [0x00007f0c39380000,0x00007f0c39380000,0x00007f0e38d80000)
  from space 792064K, 55% used [0x00007f0e67e80000,0x00007f0e82c1a5a8,0x00007f0e98400000)
  to   space 771072K, 0% used [0x00007f0e38d80000,0x00007f0e38d80000,0x00007f0e67e80000)
 ParOldGen       total 6279168K, used 5644641K [0x00007f06e3e00000, 0x00007f0863200000, 0x00007f0c39380000)
  object space 6279168K, 89% used [0x00007f06e3e00000,0x00007f083c658638,0x00007f0863200000)
 Metaspace       used 59293K, capacity 60627K, committed 60672K, reserved 61440K
Event: 107,681 GC heap after
Heap after GC invocations=55 (full 12):
 PSYoungGen      total 9174528K, used 0K [0x00007f0c39380000, 0x00007f0e9b780000, 0x00007f0ee3e00000)
  eden space 8382464K, 0% used [0x00007f0c39380000,0x00007f0c39380000,0x00007f0e38d80000)
  from space 792064K, 0% used [0x00007f0e67e80000,0x00007f0e67e80000,0x00007f0e98400000)
  to   space 771072K, 0% used [0x00007f0e38d80000,0x00007f0e38d80000,0x00007f0e67e80000)
 ParOldGen       total 6219264K, used 4002758K [0x00007f06e3e00000, 0x00007f085f780000, 0x00007f0c39380000)
  object space 6219264K, 64% used [0x00007f06e3e00000,0x00007f07d82f1a18,0x00007f085f780000)
 Metaspace       used 59293K, capacity 60627K, committed 60672K, reserved 61440K
}
Event: 112,446 GC heap before
{Heap before GC invocations=56 (full 12):
 PSYoungGen      total 9174528K, used 8382464K [0x00007f0c39380000, 0x00007f0e9b780000, 0x00007f0ee3e00000)
  eden space 8382464K, 100% used [0x00007f0c39380000,0x00007f0e38d80000,0x00007f0e38d80000)
  from space 792064K, 0% used [0x00007f0e67e80000,0x00007f0e67e80000,0x00007f0e98400000)
  to   space 771072K, 0% used [0x00007f0e38d80000,0x00007f0e38d80000,0x00007f0e67e80000)
 ParOldGen       total 6219264K, used 4002758K [0x00007f06e3e00000, 0x00007f085f780000, 0x00007f0c39380000)
  object space 6219264K, 64% used [0x00007f06e3e00000,0x00007f07d82f1a18,0x00007f085f780000)
 Metaspace       used 59293K, capacity 60627K, committed 60672K, reserved 61440K

