# JRE version: Java(TM) SE Runtime Environment (8.0_202-b08) (build 1.8.0_202-b08)
# Java VM: Java HotSpot(TM) 64-Bit Server VM (25.202-b08 mixed mode linux-amd64 compressed oops)
Heap:
 PSYoungGen      total 5708288K, used 4597341K [0x0000000600000000, 0x00000007c0000000, 0x00000007c0000000)
  eden space 4118528K, 75% used [0x0000000600000000,0x00000006bca988b0,0x00000006fb600000)
  from space 1589760K, 94% used [0x000000075ef80000,0x00000007bae7eda8,0x00000007c0000000)
  to   space 1610752K, 0% used [0x00000006fb600000,0x00000006fb600000,0x000000075db00000)
 ParOldGen       total 6534144K, used 5546585K [0x0000000280000000, 0x000000040ed00000, 0x0000000600000000)
  object space 6534144K, 84% used [0x0000000280000000,0x00000003d2896710,0x000000040ed00000)
 Metaspace       used 59216K, capacity 60441K, committed 60928K, reserved 1099776K
  class space    used 9411K, capacity 9604K, committed 9728K, reserved 1048576K
GC Heap History (10 events):
Event: 285,632 GC heap before
{Heap before GC invocations=106 (full 10):
 PSYoungGen      total 5535232K, used 5534800K [0x0000000600000000, 0x00000007be600000, 0x00000007c0000000)
  eden space 4171776K, 100% used [0x0000000600000000,0x00000006fea00000,0x00000006fea00000)
  from space 1363456K, 99% used [0x00000006fea00000,0x0000000751d14068,0x0000000751d80000)
  to   space 1569792K, 0% used [0x000000075e900000,0x000000075e900000,0x00000007be600000)
 ParOldGen       total 6534144K, used 5420260K [0x0000000280000000, 0x000000040ed00000, 0x0000000600000000)
  object space 6534144K, 82% used [0x0000000280000000,0x00000003cad39110,0x000000040ed00000)
 Metaspace       used 59215K, capacity 60441K, committed 60928K, reserved 1099776K
  class space    used 9411K, capacity 9604K, committed 9728K, reserved 1048576K
Event: 285,791 GC heap after
Heap after GC invocations=106 (full 10):
 PSYoungGen      total 5707776K, used 1522446K [0x0000000600000000, 0x00000007c0000000, 0x00000007c0000000)
  eden space 4137984K, 0% used [0x0000000600000000,0x0000000600000000,0x00000006fc900000)
  from space 1569792K, 96% used [0x000000075e900000,0x00000007bb7c3a38,0x00000007be600000)
  to   space 1601024K, 0% used [0x00000006fc900000,0x00000006fc900000,0x000000075e480000)
 ParOldGen       total 6534144K, used 5451837K [0x0000000280000000, 0x000000040ed00000, 0x0000000600000000)
  object space 6534144K, 83% used [0x0000000280000000,0x00000003ccc0f690,0x000000040ed00000)
 Metaspace       used 59215K, capacity 60441K, committed 60928K, reserved 1099776K
  class space    used 9411K, capacity 9604K, committed 9728K, reserved 1048576K
}
Event: 288,698 GC heap before
{Heap before GC invocations=107 (full 10):
 PSYoungGen      total 5707776K, used 5660430K [0x0000000600000000, 0x00000007c0000000, 0x00000007c0000000)
  eden space 4137984K, 100% used [0x0000000600000000,0x00000006fc900000,0x00000006fc900000)
  from space 1569792K, 96% used [0x000000075e900000,0x00000007bb7c3a38,0x00000007be600000)
  to   space 1601024K, 0% used [0x00000006fc900000,0x00000006fc900000,0x000000075e480000)
 ParOldGen       total 6534144K, used 5451837K [0x0000000280000000, 0x000000040ed00000, 0x0000000600000000)
  object space 6534144K, 83% used [0x0000000280000000,0x00000003ccc0f690,0x000000040ed00000)
 Metaspace       used 59215K, capacity 60441K, committed 60928K, reserved 1099776K
  class space    used 9411K, capacity 9604K, committed 9728K, reserved 1048576K
Event: 288,841 GC heap after
Heap after GC invocations=107 (full 10):
 PSYoungGen      total 5739008K, used 1452190K [0x0000000600000000, 0x00000007c0000000, 0x00000007c0000000)
  eden space 4137984K, 0% used [0x0000000600000000,0x0000000600000000,0x00000006fc900000)
  from space 1601024K, 90% used [0x00000006fc900000,0x0000000755327848,0x000000075e480000)
  to   space 1599488K, 0% used [0x000000075e600000,0x000000075e600000,0x00000007c0000000)
 ParOldGen       total 6534144K, used 5462384K [0x0000000280000000, 0x000000040ed00000, 0x0000000600000000)
  object space 6534144K, 83% used [0x0000000280000000,0x00000003cd65c310,0x000000040ed00000)
 Metaspace       used 59215K, capacity 60441K, committed 60928K, reserved 1099776K
  class space    used 9411K, capacity 9604K, committed 9728K, reserved 1048576K
}
Event: 292,403 GC heap before
{Heap before GC invocations=108 (full 10):
 PSYoungGen      total 5739008K, used 5590174K [0x0000000600000000, 0x00000007c0000000, 0x00000007c0000000)
  eden space 4137984K, 100% used [0x0000000600000000,0x00000006fc900000,0x00000006fc900000)
  from space 1601024K, 90% used [0x00000006fc900000,0x0000000755327848,0x000000075e480000)
  to   space 1599488K, 0% used [0x000000075e600000,0x000000075e600000,0x00000007c0000000)
 ParOldGen       total 6534144K, used 5462384K [0x0000000280000000, 0x000000040ed00000, 0x0000000600000000)
  object space 6534144K, 83% used [0x0000000280000000,0x00000003cd65c310,0x000000040ed00000)
 Metaspace       used 59216K, capacity 60441K, committed 60928K, reserved 1099776K
  class space    used 9411K, capacity 9604K, committed 9728K, reserved 1048576K
Event: 292,543 GC heap after
Heap after GC invocations=108 (full 10):
 PSYoungGen      total 5712896K, used 1425835K [0x0000000600000000, 0x00000007be680000, 0x00000007c0000000)
  eden space 4139520K, 0% used [0x0000000600000000,0x0000000600000000,0x00000006fca80000)
  from space 1573376K, 90% used [0x000000075e600000,0x00000007b566af50,0x00000007be680000)
  to   space 1587200K, 0% used [0x00000006fca80000,0x00000006fca80000,0x000000075d880000)
 ParOldGen       total 6534144K, used 5490013K [0x0000000280000000, 0x000000040ed00000, 0x0000000600000000)
  object space 6534144K, 84% used [0x0000000280000000,0x00000003cf1577e0,0x000000040ed00000)
 Metaspace       used 59216K, capacity 60441K, committed 60928K, reserved 1099776K
  class space    used 9411K, capacity 9604K, committed 9728K, reserved 1048576K
}
Event: 295,378 GC heap before
{Heap before GC invocations=109 (full 10):
 PSYoungGen      total 5712896K, used 5565355K [0x0000000600000000, 0x00000007be680000, 0x00000007c0000000)
  eden space 4139520K, 100% used [0x0000000600000000,0x00000006fca80000,0x00000006fca80000)
  from space 1573376K, 90% used [0x000000075e600000,0x00000007b566af50,0x00000007be680000)
  to   space 1587200K, 0% used [0x00000006fca80000,0x00000006fca80000,0x000000075d880000)
 ParOldGen       total 6534144K, used 5490013K [0x0000000280000000, 0x000000040ed00000, 0x0000000600000000)
  object space 6534144K, 84% used [0x0000000280000000,0x00000003cf1577e0,0x000000040ed00000)
 Metaspace       used 59216K, capacity 60441K, committed 60928K, reserved 1099776K
  class space    used 9411K, capacity 9604K, committed 9728K, reserved 1048576K
Event: 295,506 GC heap after
Heap after GC invocations=109 (full 10):
 PSYoungGen      total 5726720K, used 1290871K [0x0000000600000000, 0x00000007c0000000, 0x00000007c0000000)
  eden space 4139520K, 0% used [0x0000000600000000,0x0000000600000000,0x00000006fca80000)
  from space 1587200K, 81% used [0x00000006fca80000,0x000000074b71de68,0x000000075d880000)
  to   space 1589760K, 0% used [0x000000075ef80000,0x000000075ef80000,0x00000007c0000000)
 ParOldGen       total 6534144K, used 5515016K [0x0000000280000000, 0x000000040ed00000, 0x0000000600000000)
  object space 6534144K, 84% used [0x0000000280000000,0x00000003d09c2190,0x000000040ed00000)
 Metaspace       used 59216K, capacity 60441K, committed 60928K, reserved 1099776K
  class space    used 9411K, capacity 9604K, committed 9728K, reserved 1048576K
}
Event: 298,965 GC heap before
{Heap before GC invocations=110 (full 10):
 PSYoungGen      total 5726720K, used 5430391K [0x0000000600000000, 0x00000007c0000000, 0x00000007c0000000)
  eden space 4139520K, 100% used [0x0000000600000000,0x00000006fca80000,0x00000006fca80000)
  from space 1587200K, 81% used [0x00000006fca80000,0x000000074b71de68,0x000000075d880000)
  to   space 1589760K, 0% used [0x000000075ef80000,0x000000075ef80000,0x00000007c0000000)
 ParOldGen       total 6534144K, used 5515016K [0x0000000280000000, 0x000000040ed00000, 0x0000000600000000)
  object space 6534144K, 84% used [0x0000000280000000,0x00000003d09c2190,0x000000040ed00000)
 Metaspace       used 59216K, capacity 60441K, committed 60928K, reserved 1099776K
  class space    used 9411K, capacity 9604K, committed 9728K, reserved 1048576K
Event: 299,117 GC heap after
Heap after GC invocations=110 (full 10):
 PSYoungGen      total 5708288K, used 1506299K [0x0000000600000000, 0x00000007c0000000, 0x00000007c0000000)
  eden space 4118528K, 0% used [0x0000000600000000,0x0000000600000000,0x00000006fb600000)
  from space 1589760K, 94% used [0x000000075ef80000,0x00000007bae7eda8,0x00000007c0000000)
  to   space 1610752K, 0% used [0x00000006fb600000,0x00000006fb600000,0x000000075db00000)
 ParOldGen       total 6534144K, used 5546585K [0x0000000280000000, 0x000000040ed00000, 0x0000000600000000)
  object space 6534144K, 84% used [0x0000000280000000,0x00000003d2896710,0x000000040ed00000)
 Metaspace       used 59216K, capacity 60441K, committed 60928K, reserved 1099776K
  class space    used 9411K, capacity 9604K, committed 9728K, reserved 1048576K
}

